<?xml version="1.0" encoding="UTF-8"?>
<!-- Generated by org.testng.reporters.JUnitReportReporter -->
<testsuite hostname="DESKTOP-LF0B41U" failures="0" tests="1" name="vtiger_tc.TC_103_Creat_Camp_Del_CampTest" time="33.727" errors="0" timestamp="04 Aug 2022 06:00:38 GMT" skipped="0">
  <testcase classname="vtiger_tc.TC_103_Creat_Camp_Del_CampTest" name="createCampTest" time="33.727"/>
</testsuite> <!-- vtiger_tc.TC_103_Creat_Camp_Del_CampTest -->
